22-11-2023 20:30:45 [restartedMain] INFO  c.p.OnlinePizzaOrderingBackendApplication -Starting OnlinePizzaOrderingBackendApplication using Java 11.0.20 on DESKTOP-HLISHHO with PID 15216 (C:\Users\HP\Desktop\work\b\Online_Pizza_Ordering\OnlinePizzaOrdering_Backend\target\classes started by HP in C:\Users\HP\Desktop\work\b\Online_Pizza_Ordering\OnlinePizzaOrdering_Backend)
22-11-2023 20:30:45 [restartedMain] INFO  c.p.OnlinePizzaOrderingBackendApplication -No active profile set, falling back to 1 default profile: "default"
22-11-2023 20:30:45 [restartedMain] INFO  o.s.b.d.e.DevToolsPropertyDefaultsPostProcessor -Devtools property defaults active! Set 'spring.devtools.add-properties' to 'false' to disable
22-11-2023 20:30:45 [restartedMain] INFO  o.s.b.d.e.DevToolsPropertyDefaultsPostProcessor -For additional web related logging consider setting the 'logging.level.web' property to 'DEBUG'
22-11-2023 20:30:46 [restartedMain] INFO  o.s.d.r.c.RepositoryConfigurationDelegate -Bootstrapping Spring Data JPA repositories in DEFAULT mode.
22-11-2023 20:30:47 [restartedMain] INFO  o.s.d.r.c.RepositoryConfigurationDelegate -Finished Spring Data repository scanning in 240 ms. Found 10 JPA repository interfaces.
22-11-2023 20:30:48 [restartedMain] INFO  o.s.b.w.e.tomcat.TomcatWebServer -Tomcat initialized with port(s): 8080 (http)
22-11-2023 20:30:48 [restartedMain] INFO  o.a.catalina.core.StandardService -Starting service [Tomcat]
22-11-2023 20:30:48 [restartedMain] INFO  o.a.catalina.core.StandardEngine -Starting Servlet engine: [Apache Tomcat/9.0.74]
22-11-2023 20:30:48 [restartedMain] INFO  o.a.c.c.C.[.[.[/pizzaordering] -Initializing Spring embedded WebApplicationContext
22-11-2023 20:30:48 [restartedMain] INFO  o.s.b.w.s.c.ServletWebServerApplicationContext -Root WebApplicationContext: initialization completed in 3049 ms
22-11-2023 20:30:48 [restartedMain] INFO  o.h.jpa.internal.util.LogHelper -HHH000204: Processing PersistenceUnitInfo [name: default]
22-11-2023 20:30:48 [restartedMain] INFO  org.hibernate.Version -HHH000412: Hibernate ORM core version 5.6.15.Final
22-11-2023 20:30:48 [restartedMain] INFO  o.h.annotations.common.Version -HCANN000001: Hibernate Commons Annotations {5.1.2.Final}
22-11-2023 20:30:49 [restartedMain] INFO  com.zaxxer.hikari.HikariDataSource -HikariPool-1 - Starting...
22-11-2023 20:30:49 [restartedMain] INFO  com.zaxxer.hikari.HikariDataSource -HikariPool-1 - Start completed.
22-11-2023 20:30:49 [restartedMain] INFO  org.hibernate.dialect.Dialect -HHH000400: Using dialect: org.hibernate.dialect.MySQL8Dialect
22-11-2023 20:30:50 [restartedMain] WARN  o.h.t.s.i.ExceptionHandlerLoggedImpl -GenerationTarget encountered exception accepting command : Error executing DDL "alter table address add constraint FKls1hr62ne1ffxvi7yayu99wdk foreign key (users_id) references users (id)" via JDBC Statement
org.hibernate.tool.schema.spi.CommandAcceptanceException: Error executing DDL "alter table address add constraint FKls1hr62ne1ffxvi7yayu99wdk foreign key (users_id) references users (id)" via JDBC Statement
	at org.hibernate.tool.schema.internal.exec.GenerationTargetToDatabase.accept(GenerationTargetToDatabase.java:67)
	at org.hibernate.tool.schema.internal.AbstractSchemaMigrator.applySqlString(AbstractSchemaMigrator.java:581)
	at org.hibernate.tool.schema.internal.AbstractSchemaMigrator.applySqlStrings(AbstractSchemaMigrator.java:526)
	at org.hibernate.tool.schema.internal.AbstractSchemaMigrator.applyForeignKeys(AbstractSchemaMigrator.java:452)
	at org.hibernate.tool.schema.internal.AbstractSchemaMigrator.performMigration(AbstractSchemaMigrator.java:263)
	at org.hibernate.tool.schema.internal.AbstractSchemaMigrator.doMigration(AbstractSchemaMigrator.java:123)
	at org.hibernate.tool.schema.spi.SchemaManagementToolCoordinator.performDatabaseAction(SchemaManagementToolCoordinator.java:196)
	at org.hibernate.tool.schema.spi.SchemaManagementToolCoordinator.process(SchemaManagementToolCoordinator.java:85)
	at org.hibernate.internal.SessionFactoryImpl.<init>(SessionFactoryImpl.java:335)
	at org.hibernate.boot.internal.SessionFactoryBuilderImpl.build(SessionFactoryBuilderImpl.java:471)
	at org.hibernate.jpa.boot.internal.EntityManagerFactoryBuilderImpl.build(EntityManagerFactoryBuilderImpl.java:1498)
	at org.springframework.orm.jpa.vendor.SpringHibernateJpaPersistenceProvider.createContainerEntityManagerFactory(SpringHibernateJpaPersistenceProvider.java:58)
	at org.springframework.orm.jpa.LocalContainerEntityManagerFactoryBean.createNativeEntityManagerFactory(LocalContainerEntityManagerFactoryBean.java:365)
	at org.springframework.orm.jpa.AbstractEntityManagerFactoryBean.buildNativeEntityManagerFactory(AbstractEntityManagerFactoryBean.java:409)
	at org.springframework.orm.jpa.AbstractEntityManagerFactoryBean.afterPropertiesSet(AbstractEntityManagerFactoryBean.java:396)
	at org.springframework.orm.jpa.LocalContainerEntityManagerFactoryBean.afterPropertiesSet(LocalContainerEntityManagerFactoryBean.java:341)
	at org.springframework.beans.factory.support.AbstractAutowireCapableBeanFactory.invokeInitMethods(AbstractAutowireCapableBeanFactory.java:1863)
	at org.springframework.beans.factory.support.AbstractAutowireCapableBeanFactory.initializeBean(AbstractAutowireCapableBeanFactory.java:1800)
	at org.springframework.beans.factory.support.AbstractAutowireCapableBeanFactory.doCreateBean(AbstractAutowireCapableBeanFactory.java:620)
	at org.springframework.beans.factory.support.AbstractAutowireCapableBeanFactory.createBean(AbstractAutowireCapableBeanFactory.java:542)
	at org.springframework.beans.factory.support.AbstractBeanFactory.lambda$doGetBean$0(AbstractBeanFactory.java:335)
	at org.springframework.beans.factory.support.DefaultSingletonBeanRegistry.getSingleton(DefaultSingletonBeanRegistry.java:234)
	at org.springframework.beans.factory.support.AbstractBeanFactory.doGetBean(AbstractBeanFactory.java:333)
	at org.springframework.beans.factory.support.AbstractBeanFactory.getBean(AbstractBeanFactory.java:208)
	at org.springframework.context.support.AbstractApplicationContext.getBean(AbstractApplicationContext.java:1156)
	at org.springframework.context.support.AbstractApplicationContext.finishBeanFactoryInitialization(AbstractApplicationContext.java:910)
	at org.springframework.context.support.AbstractApplicationContext.refresh(AbstractApplicationContext.java:583)
	at org.springframework.boot.web.servlet.context.ServletWebServerApplicationContext.refresh(ServletWebServerApplicationContext.java:147)
	at org.springframework.boot.SpringApplication.refresh(SpringApplication.java:731)
	at org.springframework.boot.SpringApplication.refreshContext(SpringApplication.java:408)
	at org.springframework.boot.SpringApplication.run(SpringApplication.java:307)
	at org.springframework.boot.SpringApplication.run(SpringApplication.java:1303)
	at org.springframework.boot.SpringApplication.run(SpringApplication.java:1292)
	at com.pizzaOrdering.OnlinePizzaOrderingBackendApplication.main(OnlinePizzaOrderingBackendApplication.java:12)
	at java.base/jdk.internal.reflect.NativeMethodAccessorImpl.invoke0(Native Method)
	at java.base/jdk.internal.reflect.NativeMethodAccessorImpl.invoke(NativeMethodAccessorImpl.java:62)
	at java.base/jdk.internal.reflect.DelegatingMethodAccessorImpl.invoke(DelegatingMethodAccessorImpl.java:43)
	at java.base/java.lang.reflect.Method.invoke(Method.java:566)
	at org.springframework.boot.devtools.restart.RestartLauncher.run(RestartLauncher.java:49)
Caused by: java.sql.SQLIntegrityConstraintViolationException: Cannot add or update a child row: a foreign key constraint fails (`pizzaordering`.`#sql-1614_60`, CONSTRAINT `FKls1hr62ne1ffxvi7yayu99wdk` FOREIGN KEY (`users_id`) REFERENCES `users` (`id`))
	at com.mysql.cj.jdbc.exceptions.SQLError.createSQLException(SQLError.java:118)
	at com.mysql.cj.jdbc.exceptions.SQLExceptionsMapping.translateException(SQLExceptionsMapping.java:122)
	at com.mysql.cj.jdbc.StatementImpl.executeInternal(StatementImpl.java:763)
	at com.mysql.cj.jdbc.StatementImpl.execute(StatementImpl.java:648)
	at com.zaxxer.hikari.pool.ProxyStatement.execute(ProxyStatement.java:94)
	at com.zaxxer.hikari.pool.HikariProxyStatement.execute(HikariProxyStatement.java)
	at org.hibernate.tool.schema.internal.exec.GenerationTargetToDatabase.accept(GenerationTargetToDatabase.java:54)
	... 38 common frames omitted
22-11-2023 20:30:50 [restartedMain] INFO  o.h.e.t.j.p.i.JtaPlatformInitiator -HHH000490: Using JtaPlatform implementation: [org.hibernate.engine.transaction.jta.platform.internal.NoJtaPlatform]
22-11-2023 20:30:50 [restartedMain] INFO  o.s.o.j.LocalContainerEntityManagerFactoryBean -Initialized JPA EntityManagerFactory for persistence unit 'default'
22-11-2023 20:30:51 [restartedMain] WARN  o.s.b.a.o.j.JpaBaseConfiguration$JpaWebConfiguration -spring.jpa.open-in-view is enabled by default. Therefore, database queries may be performed during view rendering. Explicitly configure spring.jpa.open-in-view to disable this warning
22-11-2023 20:30:51 [restartedMain] INFO  o.s.b.d.a.OptionalLiveReloadServer -LiveReload server is running on port 35729
22-11-2023 20:30:51 [restartedMain] INFO  o.s.b.w.e.tomcat.TomcatWebServer -Tomcat started on port(s): 8080 (http) with context path '/pizzaordering'
22-11-2023 20:30:52 [restartedMain] INFO  c.p.OnlinePizzaOrderingBackendApplication -Started OnlinePizzaOrderingBackendApplication in 7.742 seconds (JVM running for 8.961)
22-11-2023 20:30:52 [restartedMain] INFO  c.pizzaOrdering.config.LoggerConfig -This is an informational message
22-11-2023 20:30:52 [restartedMain] ERROR c.pizzaOrdering.config.LoggerConfig -This is an error message
22-11-2023 20:30:52 [restartedMain] WARN  c.pizzaOrdering.config.LoggerConfig -This is warning message
22-11-2023 20:32:58 [RMI TCP Connection(8)-127.0.0.1] INFO  o.s.b.a.SpringApplicationAdminMXBeanRegistrar$SpringApplicationAdmin -Application shutdown requested.
22-11-2023 20:32:59 [RMI TCP Connection(8)-127.0.0.1] INFO  o.a.catalina.core.StandardService -Stopping service [Tomcat]
22-11-2023 20:32:59 [RMI TCP Connection(8)-127.0.0.1] INFO  o.s.o.j.LocalContainerEntityManagerFactoryBean -Closing JPA EntityManagerFactory for persistence unit 'default'
22-11-2023 20:32:59 [RMI TCP Connection(8)-127.0.0.1] INFO  com.zaxxer.hikari.HikariDataSource -HikariPool-1 - Shutdown initiated...
22-11-2023 20:32:59 [RMI TCP Connection(8)-127.0.0.1] INFO  com.zaxxer.hikari.HikariDataSource -HikariPool-1 - Shutdown completed.
22-11-2023 20:33:23 [restartedMain] INFO  c.p.OnlinePizzaOrderingBackendApplication -Starting OnlinePizzaOrderingBackendApplication using Java 11.0.20 on DESKTOP-HLISHHO with PID 19936 (C:\Users\HP\Desktop\work\b\Online_Pizza_Ordering\OnlinePizzaOrdering_Backend\target\classes started by HP in C:\Users\HP\Desktop\work\b\Online_Pizza_Ordering\OnlinePizzaOrdering_Backend)
22-11-2023 20:33:23 [restartedMain] INFO  c.p.OnlinePizzaOrderingBackendApplication -No active profile set, falling back to 1 default profile: "default"
22-11-2023 20:33:23 [restartedMain] INFO  o.s.b.d.e.DevToolsPropertyDefaultsPostProcessor -Devtools property defaults active! Set 'spring.devtools.add-properties' to 'false' to disable
22-11-2023 20:33:23 [restartedMain] INFO  o.s.b.d.e.DevToolsPropertyDefaultsPostProcessor -For additional web related logging consider setting the 'logging.level.web' property to 'DEBUG'
22-11-2023 20:33:24 [restartedMain] INFO  o.s.d.r.c.RepositoryConfigurationDelegate -Bootstrapping Spring Data JPA repositories in DEFAULT mode.
22-11-2023 20:33:25 [restartedMain] INFO  o.s.d.r.c.RepositoryConfigurationDelegate -Finished Spring Data repository scanning in 99 ms. Found 10 JPA repository interfaces.
22-11-2023 20:33:25 [restartedMain] INFO  o.s.b.w.e.tomcat.TomcatWebServer -Tomcat initialized with port(s): 8080 (http)
22-11-2023 20:33:25 [restartedMain] INFO  o.a.catalina.core.StandardService -Starting service [Tomcat]
22-11-2023 20:33:25 [restartedMain] INFO  o.a.catalina.core.StandardEngine -Starting Servlet engine: [Apache Tomcat/9.0.74]
22-11-2023 20:33:25 [restartedMain] INFO  o.a.c.c.C.[.[.[/pizzaordering] -Initializing Spring embedded WebApplicationContext
22-11-2023 20:33:25 [restartedMain] INFO  o.s.b.w.s.c.ServletWebServerApplicationContext -Root WebApplicationContext: initialization completed in 1901 ms
22-11-2023 20:33:25 [restartedMain] INFO  o.h.jpa.internal.util.LogHelper -HHH000204: Processing PersistenceUnitInfo [name: default]
22-11-2023 20:33:26 [restartedMain] INFO  org.hibernate.Version -HHH000412: Hibernate ORM core version 5.6.15.Final
22-11-2023 20:33:26 [restartedMain] INFO  o.h.annotations.common.Version -HCANN000001: Hibernate Commons Annotations {5.1.2.Final}
22-11-2023 20:33:26 [restartedMain] INFO  com.zaxxer.hikari.HikariDataSource -HikariPool-1 - Starting...
22-11-2023 20:33:26 [restartedMain] INFO  com.zaxxer.hikari.HikariDataSource -HikariPool-1 - Start completed.
22-11-2023 20:33:26 [restartedMain] INFO  org.hibernate.dialect.Dialect -HHH000400: Using dialect: org.hibernate.dialect.MySQL8Dialect
22-11-2023 20:33:28 [restartedMain] INFO  o.h.e.t.j.p.i.JtaPlatformInitiator -HHH000490: Using JtaPlatform implementation: [org.hibernate.engine.transaction.jta.platform.internal.NoJtaPlatform]
22-11-2023 20:33:28 [restartedMain] INFO  o.s.o.j.LocalContainerEntityManagerFactoryBean -Initialized JPA EntityManagerFactory for persistence unit 'default'
22-11-2023 20:33:28 [restartedMain] WARN  o.s.b.a.o.j.JpaBaseConfiguration$JpaWebConfiguration -spring.jpa.open-in-view is enabled by default. Therefore, database queries may be performed during view rendering. Explicitly configure spring.jpa.open-in-view to disable this warning
22-11-2023 20:33:29 [restartedMain] INFO  o.s.b.d.a.OptionalLiveReloadServer -LiveReload server is running on port 35729
22-11-2023 20:33:29 [restartedMain] INFO  o.s.b.w.e.tomcat.TomcatWebServer -Tomcat started on port(s): 8080 (http) with context path '/pizzaordering'
22-11-2023 20:33:29 [restartedMain] INFO  c.p.OnlinePizzaOrderingBackendApplication -Started OnlinePizzaOrderingBackendApplication in 6.377 seconds (JVM running for 7.477)
22-11-2023 20:33:29 [restartedMain] INFO  c.pizzaOrdering.config.LoggerConfig -This is an informational message
22-11-2023 20:33:29 [restartedMain] ERROR c.pizzaOrdering.config.LoggerConfig -This is an error message
22-11-2023 20:33:29 [restartedMain] WARN  c.pizzaOrdering.config.LoggerConfig -This is warning message
22-11-2023 20:37:03 [http-nio-8080-exec-1] INFO  o.a.c.c.C.[.[.[/pizzaordering] -Initializing Spring DispatcherServlet 'dispatcherServlet'
22-11-2023 20:37:03 [http-nio-8080-exec-1] INFO  o.s.web.servlet.DispatcherServlet -Initializing Servlet 'dispatcherServlet'
22-11-2023 20:37:03 [http-nio-8080-exec-1] INFO  o.s.web.servlet.DispatcherServlet -Completed initialization in 3 ms
22-11-2023 20:44:47 [RMI TCP Connection(21)-127.0.0.1] INFO  o.s.b.a.SpringApplicationAdminMXBeanRegistrar$SpringApplicationAdmin -Application shutdown requested.
22-11-2023 20:44:47 [RMI TCP Connection(21)-127.0.0.1] INFO  o.a.catalina.core.StandardService -Stopping service [Tomcat]
22-11-2023 20:44:47 [RMI TCP Connection(21)-127.0.0.1] INFO  o.a.c.c.C.[.[.[/pizzaordering] -Destroying Spring FrameworkServlet 'dispatcherServlet'
22-11-2023 20:44:47 [RMI TCP Connection(21)-127.0.0.1] INFO  o.s.o.j.LocalContainerEntityManagerFactoryBean -Closing JPA EntityManagerFactory for persistence unit 'default'
22-11-2023 20:44:47 [RMI TCP Connection(21)-127.0.0.1] INFO  com.zaxxer.hikari.HikariDataSource -HikariPool-1 - Shutdown initiated...
22-11-2023 20:44:47 [RMI TCP Connection(21)-127.0.0.1] INFO  com.zaxxer.hikari.HikariDataSource -HikariPool-1 - Shutdown completed.
